<!DOCTYPE html>
<html>
<head>
<meta http-equiv="Content-Type" content="text/html; charset=utf-8"/>
<meta http-equiv="x-ua-compatible" content="IE=edge"/>
<title>Test results - Class Creacion cuenta uTest</title>
<link href="../css/base-style.css" rel="stylesheet" type="text/css"/>
<link href="../css/style.css" rel="stylesheet" type="text/css"/>
<script src="../js/report.js" type="text/javascript"></script>
</head>
<body>
<div id="content">
<h1>Class Creacion cuenta uTest</h1>
<div class="breadcrumbs">
<a href="../index.html">all</a> &gt; 
<a href="../packages/default-package.html">default-package</a> &gt; Creacion cuenta uTest</div>
<div id="summary">
<table>
<tr>
<td>
<div class="summaryGroup">
<table>
<tr>
<td>
<div class="infoBox" id="tests">
<div class="counter">1</div>
<p>tests</p>
</div>
</td>
<td>
<div class="infoBox" id="failures">
<div class="counter">1</div>
<p>failures</p>
</div>
</td>
<td>
<div class="infoBox" id="ignored">
<div class="counter">0</div>
<p>ignored</p>
</div>
</td>
<td>
<div class="infoBox" id="duration">
<div class="counter">1m25.54s</div>
<p>duration</p>
</div>
</td>
</tr>
</table>
</div>
</td>
<td>
<div class="infoBox failures" id="successRate">
<div class="percent">0%</div>
<p>successful</p>
</div>
</td>
</tr>
</table>
</div>
<div id="tabs">
<ul class="tabLinks">
<li>
<a href="#tab0">Failed tests</a>
</li>
<li>
<a href="#tab1">Tests</a>
</li>
<li>
<a href="#tab2">Standard error</a>
</li>
</ul>
<div id="tab0" class="tab">
<h2>Failed tests</h2>
<div class="test">
<a name="Creacion exitosa de cuenta"></a>
<h3 class="failures">Creacion exitosa de cuenta</h3>
<span class="code">
<pre>org.openqa.selenium.ElementNotInteractableException: element not interactable
  (Session info: chrome=105.0.5195.127)
Build info: version: '3.141.59', revision: 'e82be7d358', time: '2018-11-14T08:17:03'
System info: host: 'DESKTOP-9FUP0H1', ip: '192.168.56.1', os.name: 'Windows 10', os.arch: 'amd64', os.version: '10.0', java.version: '1.8.0_202'
Driver info: org.openqa.selenium.chrome.ChromeDriver
Capabilities {acceptInsecureCerts: false, browserName: chrome, browserVersion: 105.0.5195.127, chrome: {chromedriverVersion: 105.0.5195.52 (412c95e51883..., userDataDir: C:\Users\USER\AppData\Local...}, goog:chromeOptions: {debuggerAddress: localhost:49632}, javascriptEnabled: true, networkConnectionEnabled: false, pageLoadStrategy: normal, platform: WINDOWS, platformName: WINDOWS, proxy: Proxy(), setWindowRect: true, strictFileInteractability: false, timeouts: {implicit: 0, pageLoad: 300000, script: 30000}, unhandledPromptBehavior: dismiss and notify, webauthn:extension:credBlob: true, webauthn:extension:largeBlob: true, webauthn:virtualAuthenticators: true}
Session ID: 62b1507c484c9d7166567a56baebb762
	at sun.reflect.NativeConstructorAccessorImpl.newInstance0(Native Method)
	at sun.reflect.NativeConstructorAccessorImpl.newInstance(NativeConstructorAccessorImpl.java:62)
	at sun.reflect.DelegatingConstructorAccessorImpl.newInstance(DelegatingConstructorAccessorImpl.java:45)
	at java.lang.reflect.Constructor.newInstance(Constructor.java:423)
	at org.openqa.selenium.remote.http.W3CHttpResponseCodec.createException(W3CHttpResponseCodec.java:187)
	at org.openqa.selenium.remote.http.W3CHttpResponseCodec.decode(W3CHttpResponseCodec.java:122)
	at org.openqa.selenium.remote.http.W3CHttpResponseCodec.decode(W3CHttpResponseCodec.java:49)
	at org.openqa.selenium.remote.HttpCommandExecutor.execute(HttpCommandExecutor.java:158)
	at org.openqa.selenium.remote.service.DriverCommandExecutor.execute(DriverCommandExecutor.java:83)
	at org.openqa.selenium.remote.RemoteWebDriver.execute(RemoteWebDriver.java:552)
	at org.openqa.selenium.remote.RemoteWebElement.execute(RemoteWebElement.java:285)
	at org.openqa.selenium.remote.RemoteWebElement.sendKeys(RemoteWebElement.java:106)
	at net.serenitybdd.core.pages.ClearContents.lambda$static$0(ClearContents.java:16)
	at net.serenitybdd.core.pages.ClearContents.ofElement(ClearContents.java:31)
	at net.serenitybdd.core.pages.WebElementFacadeImpl.clear(WebElementFacadeImpl.java:1261)
	at net.serenitybdd.core.pages.WebElementFacadeImpl.type(WebElementFacadeImpl.java:812)
	at net.serenitybdd.screenplay.actions.EnterValueIntoTarget.performAs(EnterValueIntoTarget.java:18)
	at net.serenitybdd.screenplay.actions.EnterValueIntoTarget$ByteBuddy$9eKGfA1y.performAs$accessor$a7FvtP9j(Unknown Source)
	at sun.reflect.NativeMethodAccessorImpl.invoke0(Native Method)
	at sun.reflect.NativeMethodAccessorImpl.invoke(NativeMethodAccessorImpl.java:62)
	at sun.reflect.DelegatingMethodAccessorImpl.invoke(DelegatingMethodAccessorImpl.java:43)
	at java.lang.reflect.Method.invoke(Method.java:498)
	at net.thucydides.core.steps.StepInterceptor.invokeMethod(StepInterceptor.java:471)
	at net.thucydides.core.steps.StepInterceptor.executeTestStepMethod(StepInterceptor.java:451)
	at net.thucydides.core.steps.StepInterceptor.runTestStep(StepInterceptor.java:424)
	at net.thucydides.core.steps.StepInterceptor.runOrSkipMethod(StepInterceptor.java:180)
	at net.thucydides.core.steps.StepInterceptor.testStepResult(StepInterceptor.java:167)
	at net.thucydides.core.steps.StepInterceptor.intercept(StepInterceptor.java:75)
	at net.serenitybdd.screenplay.actions.EnterValueIntoTarget$ByteBuddy$9eKGfA1y.performAs(Unknown Source)
	at net.serenitybdd.screenplay.Actor.performTask(Actor.java:233)
	at net.serenitybdd.screenplay.Actor.perform(Actor.java:214)
	at net.serenitybdd.screenplay.Actor.attemptsTo(Actor.java:171)
	at co.com.choucair.screenplay.proyectobase.tasks.Anadir.performAs(Anadir.java:21)
	at co.com.choucair.screenplay.proyectobase.tasks.Anadir$ByteBuddy$o9Apcti0.performAs$accessor$h9leEVTx(Unknown Source)
	at sun.reflect.NativeMethodAccessorImpl.invoke0(Native Method)
	at sun.reflect.NativeMethodAccessorImpl.invoke(NativeMethodAccessorImpl.java:62)
	at sun.reflect.DelegatingMethodAccessorImpl.invoke(DelegatingMethodAccessorImpl.java:43)
	at java.lang.reflect.Method.invoke(Method.java:498)
	at net.thucydides.core.steps.StepInterceptor.invokeMethod(StepInterceptor.java:471)
	at net.thucydides.core.steps.StepInterceptor.executeTestStepMethod(StepInterceptor.java:451)
	at net.thucydides.core.steps.StepInterceptor.runTestStep(StepInterceptor.java:424)
	at net.thucydides.core.steps.StepInterceptor.runOrSkipMethod(StepInterceptor.java:180)
	at net.thucydides.core.steps.StepInterceptor.testStepResult(StepInterceptor.java:167)
	at net.thucydides.core.steps.StepInterceptor.intercept(StepInterceptor.java:75)
	at co.com.choucair.screenplay.proyectobase.tasks.Anadir$ByteBuddy$o9Apcti0.performAs(Unknown Source)
	at net.serenitybdd.screenplay.Actor.performTask(Actor.java:233)
	at net.serenitybdd.screenplay.Actor.perform(Actor.java:214)
	at net.serenitybdd.screenplay.Actor.attemptsTo(Actor.java:171)
	at co.com.choucair.screenplay.proyectobase.stepdefinitions.DefinicionPasos.ingreseLosDatosDeRegitro(DefinicionPasos.java:29)
	at ✽.ingrese los datos de regitro(src/test/resources/features/historia_de_usuario.feature:11)
</pre>
</span>
</div>
</div>
<div id="tab1" class="tab">
<h2>Tests</h2>
<table>
<thead>
<tr>
<th>Test</th>
<th>Duration</th>
<th>Result</th>
</tr>
</thead>
<tr>
<td class="failures">Creacion exitosa de cuenta</td>
<td class="failures">1m25.54s</td>
<td class="failures">failed</td>
</tr>
</table>
</div>
<div id="tab2" class="tab">
<h2>Standard error</h2>
<span class="code">
<pre>[Test worker] WARN net.thucydides.core.steps.BaseStepListener - stepStarted: net.thucydides.core.steps.ExecutedStepDescription@5d9356dc
[Test worker] WARN net.thucydides.core.steps.BaseStepListener - stepStarted: net.thucydides.core.steps.ExecutedStepDescription@55d4d064
[Test worker] WARN net.thucydides.core.steps.BaseStepListener - stepStarted: net.thucydides.core.steps.ExecutedStepDescription@7cc2d217
sep 18, 2022 11:40:58 AM org.openqa.selenium.remote.DesiredCapabilities chrome
INFORMACIÓN: Using `new ChromeOptions()` is preferred to `DesiredCapabilities.chrome()`
[Test worker] INFO net.serenitybdd.core.webdriver.driverproviders.ProvideNewDriver - Instantiating driver
[Test worker] INFO net.serenitybdd.core.webdriver.driverproviders.ProvideNewDriver - Driver capabilities: Capabilities {acceptInsecureCerts: false, browserName: chrome, chrome.switches: --start-maximized, goog:chromeOptions: {args: [--start-maximized], extensions: []}, loggingPrefs: org.openqa.selenium.logging..., platform: ANY, version: }
Starting ChromeDriver 105.0.5195.52 (412c95e518836d8a7d97250d62b29c2ae6a26a85-refs/branch-heads/5195@{#853}) on port 17696
Only local connections are allowed.
Please see https://chromedriver.chromium.org/security-considerations for suggestions on keeping ChromeDriver safe.
ChromeDriver was started successfully.
sep 18, 2022 11:41:01 AM org.openqa.selenium.remote.ProtocolHandshake createSession
INFORMACIÓN: Detected dialect: W3C
[Test worker] WARN net.thucydides.core.steps.BaseStepListener - stepFinished: current outcome:Creacion exitosa de cuenta:Dado que el usuario abrio la pagina de uTest [Lorena abrir [Lorena opens the Pagina u test]]
[1663519279.192][SEVERE]: Timed out receiving message from renderer: 10.000
[1663519279.192][WARNING]: screenshot failed, retrying timeout: Timed out receiving message from renderer: 10.000
[Test worker] WARN net.thucydides.core.steps.BaseStepListener - stepFinished: current outcome:Creacion exitosa de cuenta:Dado que el usuario abrio la pagina de uTest [Lorena abrir [Lorena opens the Pagina u test]]
[Test worker] WARN net.thucydides.core.steps.BaseStepListener - stepFinished: current outcome:Creacion exitosa de cuenta:Dado que el usuario abrio la pagina de uTest [Lorena abrir [Lorena opens the Pagina u test]]
[Test worker] WARN net.thucydides.core.steps.BaseStepListener - stepStarted: net.thucydides.core.steps.ExecutedStepDescription@257e2575
[Test worker] WARN net.thucydides.core.steps.BaseStepListener - stepStarted: net.thucydides.core.steps.ExecutedStepDescription@b022b57
[Test worker] WARN net.thucydides.core.steps.BaseStepListener - stepStarted: net.thucydides.core.steps.ExecutedStepDescription@35f7bf96
[Test worker] WARN net.thucydides.core.steps.BaseStepListener - stepFinished: current outcome:Creacion exitosa de cuenta:Dado que el usuario abrio la pagina de uTest [Lorena abrir [Lorena opens the Pagina u test]], Cuando ingrese los datos de regitro [Lorena seleccionar [Lorena clicks on boton para iniciar el registro]]
[1663519297.061][SEVERE]: Timed out receiving message from renderer: 10.000
[1663519297.061][WARNING]: screenshot failed, retrying timeout: Timed out receiving message from renderer: 10.000
[Test worker] WARN net.thucydides.core.steps.BaseStepListener - stepFinished: current outcome:Creacion exitosa de cuenta:Dado que el usuario abrio la pagina de uTest [Lorena abrir [Lorena opens the Pagina u test]], Cuando ingrese los datos de regitro [Lorena seleccionar [Lorena clicks on boton para iniciar el registro]]
[Test worker] WARN net.thucydides.core.steps.BaseStepListener - stepStarted: net.thucydides.core.steps.ExecutedStepDescription@2c634681
[Test worker] WARN net.thucydides.core.steps.BaseStepListener - stepStarted: net.thucydides.core.steps.ExecutedStepDescription@4a11b3f5
[Test worker] WARN net.thucydides.core.steps.BaseStepListener - stepFinished: current outcome:Creacion exitosa de cuenta:Dado que el usuario abrio la pagina de uTest [Lorena abrir [Lorena opens the Pagina u test]], Cuando ingrese los datos de regitro [Lorena seleccionar [Lorena clicks on boton para iniciar el registro], Lorena ingresar [Lorena enters 'Lorena' into input para ingresar el nombre del usuario]]
[Test worker] WARN net.thucydides.core.steps.BaseStepListener - stepStarted: net.thucydides.core.steps.ExecutedStepDescription@39c09a95
[Test worker] WARN net.thucydides.core.steps.BaseStepListener - stepFinished: current outcome:Creacion exitosa de cuenta:Dado que el usuario abrio la pagina de uTest [Lorena abrir [Lorena opens the Pagina u test]], Cuando ingrese los datos de regitro [Lorena seleccionar [Lorena clicks on boton para iniciar el registro], Lorena ingresar [Lorena enters 'Lorena' into input para ingresar el nombre del usuario, Lorena enters 'Galeano' into input para ingresar el apellido del usuario]]
[Test worker] WARN net.thucydides.core.steps.BaseStepListener - stepStarted: net.thucydides.core.steps.ExecutedStepDescription@24d32f0
[Test worker] WARN net.thucydides.core.steps.BaseStepListener - stepFinished: current outcome:Creacion exitosa de cuenta:Dado que el usuario abrio la pagina de uTest [Lorena abrir [Lorena opens the Pagina u test]], Cuando ingrese los datos de regitro [Lorena seleccionar [Lorena clicks on boton para iniciar el registro], Lorena ingresar [Lorena enters 'Lorena' into input para ingresar el nombre del usuario, Lorena enters 'Galeano' into input para ingresar el apellido del usuario, Lorena enters 'lorenagaleanoprada@gmail.com' into input para ingresar el correo electronico del usuario]]
[Test worker] WARN net.thucydides.core.steps.BaseStepListener - stepStarted: net.thucydides.core.steps.ExecutedStepDescription@230fe4f4
[Test worker] WARN net.thucydides.core.steps.BaseStepListener - stepFinished: current outcome:Creacion exitosa de cuenta:Dado que el usuario abrio la pagina de uTest [Lorena abrir [Lorena opens the Pagina u test]], Cuando ingrese los datos de regitro [Lorena seleccionar [Lorena clicks on boton para iniciar el registro], Lorena ingresar [Lorena enters 'Lorena' into input para ingresar el nombre del usuario, Lorena enters 'Galeano' into input para ingresar el apellido del usuario, Lorena enters 'lorenagaleanoprada@gmail.com' into input para ingresar el correo electronico del usuario, Lorena clicks on choice para elegir mes de nacimiento del usuario]]
[Test worker] WARN net.thucydides.core.steps.BaseStepListener - stepStarted: net.thucydides.core.steps.ExecutedStepDescription@1377b5cf
[Test worker] WARN net.thucydides.core.steps.BaseStepListener - stepFinished: current outcome:Creacion exitosa de cuenta:Dado que el usuario abrio la pagina de uTest [Lorena abrir [Lorena opens the Pagina u test]], Cuando ingrese los datos de regitro [Lorena seleccionar [Lorena clicks on boton para iniciar el registro], Lorena ingresar [Lorena enters 'Lorena' into input para ingresar el nombre del usuario, Lorena enters 'Galeano' into input para ingresar el apellido del usuario, Lorena enters 'lorenagaleanoprada@gmail.com' into input para ingresar el correo electronico del usuario, Lorena clicks on choice para elegir mes de nacimiento del usuario, Lorena enters ARROW_DOWN,ARROW_DOWN,ARROW_DOWN,ARROW_DOWN,ARROW_DOWN,ARROW_DOWN,ARROW_DOWN,ARROW_DOWN,ARROW_DOWN,ARROW_DOWN,ARROW_DOWN,ENTER into choice para elegir mes de nacimiento del usuario]]
[Test worker] WARN net.thucydides.core.steps.BaseStepListener - stepStarted: net.thucydides.core.steps.ExecutedStepDescription@57909e3c
[Test worker] WARN net.thucydides.core.steps.BaseStepListener - stepFinished: current outcome:Creacion exitosa de cuenta:Dado que el usuario abrio la pagina de uTest [Lorena abrir [Lorena opens the Pagina u test]], Cuando ingrese los datos de regitro [Lorena seleccionar [Lorena clicks on boton para iniciar el registro], Lorena ingresar [Lorena enters 'Lorena' into input para ingresar el nombre del usuario, Lorena enters 'Galeano' into input para ingresar el apellido del usuario, Lorena enters 'lorenagaleanoprada@gmail.com' into input para ingresar el correo electronico del usuario, Lorena clicks on choice para elegir mes de nacimiento del usuario, Lorena enters ARROW_DOWN,ARROW_DOWN,ARROW_DOWN,ARROW_DOWN,ARROW_DOWN,ARROW_DOWN,ARROW_DOWN,ARROW_DOWN,ARROW_DOWN,ARROW_DOWN,ARROW_DOWN,ENTER into choice para elegir mes de nacimiento del usuario, Lorena clicks on choice para elegir dia de nacimiento del usuario]]
[Test worker] WARN net.thucydides.core.steps.BaseStepListener - stepStarted: net.thucydides.core.steps.ExecutedStepDescription@1da2f415
[Test worker] WARN net.thucydides.core.steps.BaseStepListener - stepFinished: current outcome:Creacion exitosa de cuenta:Dado que el usuario abrio la pagina de uTest [Lorena abrir [Lorena opens the Pagina u test]], Cuando ingrese los datos de regitro [Lorena seleccionar [Lorena clicks on boton para iniciar el registro], Lorena ingresar [Lorena enters 'Lorena' into input para ingresar el nombre del usuario, Lorena enters 'Galeano' into input para ingresar el apellido del usuario, Lorena enters 'lorenagaleanoprada@gmail.com' into input para ingresar el correo electronico del usuario, Lorena clicks on choice para elegir mes de nacimiento del usuario, Lorena enters ARROW_DOWN,ARROW_DOWN,ARROW_DOWN,ARROW_DOWN,ARROW_DOWN,ARROW_DOWN,ARROW_DOWN,ARROW_DOWN,ARROW_DOWN,ARROW_DOWN,ARROW_DOWN,ENTER into choice para elegir mes de nacimiento del usuario, Lorena clicks on choice para elegir dia de nacimiento del usuario, Lorena enters ARROW_DOWN,ARROW_DOWN,ARROW_DOWN,ENTER into choice para elegir dia de nacimiento del usuario]]
[Test worker] WARN net.thucydides.core.steps.BaseStepListener - stepStarted: net.thucydides.core.steps.ExecutedStepDescription@1b874fd7
[Test worker] WARN net.thucydides.core.steps.BaseStepListener - stepFinished: current outcome:Creacion exitosa de cuenta:Dado que el usuario abrio la pagina de uTest [Lorena abrir [Lorena opens the Pagina u test]], Cuando ingrese los datos de regitro [Lorena seleccionar [Lorena clicks on boton para iniciar el registro], Lorena ingresar [Lorena enters 'Lorena' into input para ingresar el nombre del usuario, Lorena enters 'Galeano' into input para ingresar el apellido del usuario, Lorena enters 'lorenagaleanoprada@gmail.com' into input para ingresar el correo electronico del usuario, Lorena clicks on choice para elegir mes de nacimiento del usuario, Lorena enters ARROW_DOWN,ARROW_DOWN,ARROW_DOWN,ARROW_DOWN,ARROW_DOWN,ARROW_DOWN,ARROW_DOWN,ARROW_DOWN,ARROW_DOWN,ARROW_DOWN,ARROW_DOWN,ENTER into choice para elegir mes de nacimiento del usuario, Lorena clicks on choice para elegir dia de nacimiento del usuario, Lorena enters ARROW_DOWN,ARROW_DOWN,ARROW_DOWN,ENTER into choice para elegir dia de nacimiento del usuario, Lorena clicks on choice para elegir aÃ±o de nacimiento del usuario]]
[Test worker] WARN net.thucydides.core.steps.BaseStepListener - stepStarted: net.thucydides.core.steps.ExecutedStepDescription@19e51df3
[Test worker] WARN net.thucydides.core.steps.BaseStepListener - stepFinished: current outcome:Creacion exitosa de cuenta:Dado que el usuario abrio la pagina de uTest [Lorena abrir [Lorena opens the Pagina u test]], Cuando ingrese los datos de regitro [Lorena seleccionar [Lorena clicks on boton para iniciar el registro], Lorena ingresar [Lorena enters 'Lorena' into input para ingresar el nombre del usuario, Lorena enters 'Galeano' into input para ingresar el apellido del usuario, Lorena enters 'lorenagaleanoprada@gmail.com' into input para ingresar el correo electronico del usuario, Lorena clicks on choice para elegir mes de nacimiento del usuario, Lorena enters ARROW_DOWN,ARROW_DOWN,ARROW_DOWN,ARROW_DOWN,ARROW_DOWN,ARROW_DOWN,ARROW_DOWN,ARROW_DOWN,ARROW_DOWN,ARROW_DOWN,ARROW_DOWN,ENTER into choice para elegir mes de nacimiento del usuario, Lorena clicks on choice para elegir dia de nacimiento del usuario, Lorena enters ARROW_DOWN,ARROW_DOWN,ARROW_DOWN,ENTER into choice para elegir dia de nacimiento del usuario, Lorena clicks on choice para elegir aÃ±o de nacimiento del usuario, Lorena enters ARROW_DOWN,ARROW_DOWN,ARROW_DOWN,ARROW_DOWN,ARROW_DOWN,ARROW_DOWN,ARROW_DOWN,ENTER into choice para elegir aÃ±o de nacimiento del usuario]]
[Test worker] WARN net.thucydides.core.steps.BaseStepListener - stepStarted: net.thucydides.core.steps.ExecutedStepDescription@44ac3e3a
[Test worker] WARN net.thucydides.core.steps.BaseStepListener - stepFinished: current outcome:Creacion exitosa de cuenta:Dado que el usuario abrio la pagina de uTest [Lorena abrir [Lorena opens the Pagina u test]], Cuando ingrese los datos de regitro [Lorena seleccionar [Lorena clicks on boton para iniciar el registro], Lorena ingresar [Lorena enters 'Lorena' into input para ingresar el nombre del usuario, Lorena enters 'Galeano' into input para ingresar el apellido del usuario, Lorena enters 'lorenagaleanoprada@gmail.com' into input para ingresar el correo electronico del usuario, Lorena clicks on choice para elegir mes de nacimiento del usuario, Lorena enters ARROW_DOWN,ARROW_DOWN,ARROW_DOWN,ARROW_DOWN,ARROW_DOWN,ARROW_DOWN,ARROW_DOWN,ARROW_DOWN,ARROW_DOWN,ARROW_DOWN,ARROW_DOWN,ENTER into choice para elegir mes de nacimiento del usuario, Lorena clicks on choice para elegir dia de nacimiento del usuario, Lorena enters ARROW_DOWN,ARROW_DOWN,ARROW_DOWN,ENTER into choice para elegir dia de nacimiento del usuario, Lorena clicks on choice para elegir aÃ±o de nacimiento del usuario, Lorena enters ARROW_DOWN,ARROW_DOWN,ARROW_DOWN,ARROW_DOWN,ARROW_DOWN,ARROW_DOWN,ARROW_DOWN,ENTER into choice para elegir aÃ±o de nacimiento del usuario, Lorena clicks on boton para dirigirse al formulario de la localizacion]]
[Test worker] WARN net.thucydides.core.steps.BaseStepListener - stepFinished: current outcome:Creacion exitosa de cuenta:Dado que el usuario abrio la pagina de uTest [Lorena abrir [Lorena opens the Pagina u test]], Cuando ingrese los datos de regitro [Lorena seleccionar [Lorena clicks on boton para iniciar el registro], Lorena ingresar [Lorena enters 'Lorena' into input para ingresar el nombre del usuario, Lorena enters 'Galeano' into input para ingresar el apellido del usuario, Lorena enters 'lorenagaleanoprada@gmail.com' into input para ingresar el correo electronico del usuario, Lorena clicks on choice para elegir mes de nacimiento del usuario, Lorena enters ARROW_DOWN,ARROW_DOWN,ARROW_DOWN,ARROW_DOWN,ARROW_DOWN,ARROW_DOWN,ARROW_DOWN,ARROW_DOWN,ARROW_DOWN,ARROW_DOWN,ARROW_DOWN,ENTER into choice para elegir mes de nacimiento del usuario, Lorena clicks on choice para elegir dia de nacimiento del usuario, Lorena enters ARROW_DOWN,ARROW_DOWN,ARROW_DOWN,ENTER into choice para elegir dia de nacimiento del usuario, Lorena clicks on choice para elegir aÃ±o de nacimiento del usuario, Lorena enters ARROW_DOWN,ARROW_DOWN,ARROW_DOWN,ARROW_DOWN,ARROW_DOWN,ARROW_DOWN,ARROW_DOWN,ENTER into choice para elegir aÃ±o de nacimiento del usuario, Lorena clicks on boton para dirigirse al formulario de la localizacion]]
[Test worker] WARN net.thucydides.core.steps.BaseStepListener - stepStarted: net.thucydides.core.steps.ExecutedStepDescription@70984819
[Test worker] WARN net.thucydides.core.steps.BaseStepListener - stepStarted: net.thucydides.core.steps.ExecutedStepDescription@2a86001d
[Test worker] WARN net.thucydides.core.steps.BaseStepListener - stepFinished: current outcome:Creacion exitosa de cuenta:Dado que el usuario abrio la pagina de uTest [Lorena abrir [Lorena opens the Pagina u test]], Cuando ingrese los datos de regitro [Lorena seleccionar [Lorena clicks on boton para iniciar el registro], Lorena ingresar [Lorena enters 'Lorena' into input para ingresar el nombre del usuario, Lorena enters 'Galeano' into input para ingresar el apellido del usuario, Lorena enters 'lorenagaleanoprada@gmail.com' into input para ingresar el correo electronico del usuario, Lorena clicks on choice para elegir mes de nacimiento del usuario, Lorena enters ARROW_DOWN,ARROW_DOWN,ARROW_DOWN,ARROW_DOWN,ARROW_DOWN,ARROW_DOWN,ARROW_DOWN,ARROW_DOWN,ARROW_DOWN,ARROW_DOWN,ARROW_DOWN,ENTER into choice para elegir mes de nacimiento del usuario, Lorena clicks on choice para elegir dia de nacimiento del usuario, Lorena enters ARROW_DOWN,ARROW_DOWN,ARROW_DOWN,ENTER into choice para elegir dia de nacimiento del usuario, Lorena clicks on choice para elegir aÃ±o de nacimiento del usuario, Lorena enters ARROW_DOWN,ARROW_DOWN,ARROW_DOWN,ARROW_DOWN,ARROW_DOWN,ARROW_DOWN,ARROW_DOWN,ENTER into choice para elegir aÃ±o de nacimiento del usuario, Lorena clicks on boton para dirigirse al formulario de la localizacion], Lorena anadir [Lorena enters 'Bogot' into input para ingresar la cidad del usuario]]
[1663519321.962][SEVERE]: Timed out receiving message from renderer: 10.000
[1663519321.962][WARNING]: screenshot failed, retrying timeout: Timed out receiving message from renderer: 10.000
[Test worker] WARN net.thucydides.core.steps.BaseStepListener - stepStarted: net.thucydides.core.steps.ExecutedStepDescription@b092ae3
[Test worker] WARN net.thucydides.core.steps.BaseStepListener - stepFinished: current outcome:Creacion exitosa de cuenta:Dado que el usuario abrio la pagina de uTest [Lorena abrir [Lorena opens the Pagina u test]], Cuando ingrese los datos de regitro [Lorena seleccionar [Lorena clicks on boton para iniciar el registro], Lorena ingresar [Lorena enters 'Lorena' into input para ingresar el nombre del usuario, Lorena enters 'Galeano' into input para ingresar el apellido del usuario, Lorena enters 'lorenagaleanoprada@gmail.com' into input para ingresar el correo electronico del usuario, Lorena clicks on choice para elegir mes de nacimiento del usuario, Lorena enters ARROW_DOWN,ARROW_DOWN,ARROW_DOWN,ARROW_DOWN,ARROW_DOWN,ARROW_DOWN,ARROW_DOWN,ARROW_DOWN,ARROW_DOWN,ARROW_DOWN,ARROW_DOWN,ENTER into choice para elegir mes de nacimiento del usuario, Lorena clicks on choice para elegir dia de nacimiento del usuario, Lorena enters ARROW_DOWN,ARROW_DOWN,ARROW_DOWN,ENTER into choice para elegir dia de nacimiento del usuario, Lorena clicks on choice para elegir aÃ±o de nacimiento del usuario, Lorena enters ARROW_DOWN,ARROW_DOWN,ARROW_DOWN,ARROW_DOWN,ARROW_DOWN,ARROW_DOWN,ARROW_DOWN,ENTER into choice para elegir aÃ±o de nacimiento del usuario, Lorena clicks on boton para dirigirse al formulario de la localizacion], Lorena anadir [Lorena enters 'Bogot' into input para ingresar la cidad del usuario, Lorena enters ARROW_DOWN,ENTER into input para ingresar la cidad del usuario]]
[Test worker] WARN net.thucydides.core.steps.BaseStepListener - stepStarted: net.thucydides.core.steps.ExecutedStepDescription@9b7e49a
[Test worker] WARN net.thucydides.core.steps.BaseStepListener - stepFinished: current outcome:Creacion exitosa de cuenta:Dado que el usuario abrio la pagina de uTest [Lorena abrir [Lorena opens the Pagina u test]], Cuando ingrese los datos de regitro [Lorena seleccionar [Lorena clicks on boton para iniciar el registro], Lorena ingresar [Lorena enters 'Lorena' into input para ingresar el nombre del usuario, Lorena enters 'Galeano' into input para ingresar el apellido del usuario, Lorena enters 'lorenagaleanoprada@gmail.com' into input para ingresar el correo electronico del usuario, Lorena clicks on choice para elegir mes de nacimiento del usuario, Lorena enters ARROW_DOWN,ARROW_DOWN,ARROW_DOWN,ARROW_DOWN,ARROW_DOWN,ARROW_DOWN,ARROW_DOWN,ARROW_DOWN,ARROW_DOWN,ARROW_DOWN,ARROW_DOWN,ENTER into choice para elegir mes de nacimiento del usuario, Lorena clicks on choice para elegir dia de nacimiento del usuario, Lorena enters ARROW_DOWN,ARROW_DOWN,ARROW_DOWN,ENTER into choice para elegir dia de nacimiento del usuario, Lorena clicks on choice para elegir aÃ±o de nacimiento del usuario, Lorena enters ARROW_DOWN,ARROW_DOWN,ARROW_DOWN,ARROW_DOWN,ARROW_DOWN,ARROW_DOWN,ARROW_DOWN,ENTER into choice para elegir aÃ±o de nacimiento del usuario, Lorena clicks on boton para dirigirse al formulario de la localizacion], Lorena anadir [Lorena enters 'Bogot' into input para ingresar la cidad del usuario, Lorena enters ARROW_DOWN,ENTER into input para ingresar la cidad del usuario, Lorena enters '111931' into input para ingresar el codigo postal del usuario]]
[Test worker] WARN net.thucydides.core.steps.BaseStepListener - stepStarted: net.thucydides.core.steps.ExecutedStepDescription@20c227c8
[Test worker] WARN net.thucydides.core.steps.BaseStepListener - stepStarted: net.thucydides.core.steps.ExecutedStepDescription@83c03a9
[Test worker] WARN net.thucydides.core.steps.BaseStepListener - testFinished: Creacion exitosa de cuenta:Dado que el usuario abrio la pagina de uTest [Lorena abrir [Lorena opens the Pagina u test]], Cuando ingrese los datos de regitro [Lorena seleccionar [Lorena clicks on boton para iniciar el registro], Lorena ingresar [Lorena enters 'Lorena' into input para ingresar el nombre del usuario, Lorena enters 'Galeano' into input para ingresar el apellido del usuario, Lorena enters 'lorenagaleanoprada@gmail.com' into input para ingresar el correo electronico del usuario, Lorena clicks on choice para elegir mes de nacimiento del usuario, Lorena enters ARROW_DOWN,ARROW_DOWN,ARROW_DOWN,ARROW_DOWN,ARROW_DOWN,ARROW_DOWN,ARROW_DOWN,ARROW_DOWN,ARROW_DOWN,ARROW_DOWN,ARROW_DOWN,ENTER into choice para elegir mes de nacimiento del usuario, Lorena clicks on choice para elegir dia de nacimiento del usuario, Lorena enters ARROW_DOWN,ARROW_DOWN,ARROW_DOWN,ENTER into choice para elegir dia de nacimiento del usuario, Lorena clicks on choice para elegir aÃ±o de nacimiento del usuario, Lorena enters ARROW_DOWN,ARROW_DOWN,ARROW_DOWN,ARROW_DOWN,ARROW_DOWN,ARROW_DOWN,ARROW_DOWN,ENTER into choice para elegir aÃ±o de nacimiento del usuario, Lorena clicks on boton para dirigirse al formulario de la localizacion], Lorena anadir [Lorena enters 'Bogot' into input para ingresar la cidad del usuario, Lorena enters ARROW_DOWN,ENTER into input para ingresar la cidad del usuario, Lorena enters '111931' into input para ingresar el codigo postal del usuario, Lorena enters 'Colombia' into input para ingresar el pais del usuario]], Entonces el podra darle clic al boton Complete SetUp
[Test worker] WARN net.thucydides.core.steps.BaseStepListener - TestOutcomes: [Creacion exitosa de cuenta:Dado que el usuario abrio la pagina de uTest [Lorena abrir [Lorena opens the Pagina u test]], Cuando ingrese los datos de regitro [Lorena seleccionar [Lorena clicks on boton para iniciar el registro], Lorena ingresar [Lorena enters 'Lorena' into input para ingresar el nombre del usuario, Lorena enters 'Galeano' into input para ingresar el apellido del usuario, Lorena enters 'lorenagaleanoprada@gmail.com' into input para ingresar el correo electronico del usuario, Lorena clicks on choice para elegir mes de nacimiento del usuario, Lorena enters ARROW_DOWN,ARROW_DOWN,ARROW_DOWN,ARROW_DOWN,ARROW_DOWN,ARROW_DOWN,ARROW_DOWN,ARROW_DOWN,ARROW_DOWN,ARROW_DOWN,ARROW_DOWN,ENTER into choice para elegir mes de nacimiento del usuario, Lorena clicks on choice para elegir dia de nacimiento del usuario, Lorena enters ARROW_DOWN,ARROW_DOWN,ARROW_DOWN,ENTER into choice para elegir dia de nacimiento del usuario, Lorena clicks on choice para elegir aÃ±o de nacimiento del usuario, Lorena enters ARROW_DOWN,ARROW_DOWN,ARROW_DOWN,ARROW_DOWN,ARROW_DOWN,ARROW_DOWN,ARROW_DOWN,ENTER into choice para elegir aÃ±o de nacimiento del usuario, Lorena clicks on boton para dirigirse al formulario de la localizacion], Lorena anadir [Lorena enters 'Bogot' into input para ingresar la cidad del usuario, Lorena enters ARROW_DOWN,ENTER into input para ingresar la cidad del usuario, Lorena enters '111931' into input para ingresar el codigo postal del usuario, Lorena enters 'Colombia' into input para ingresar el pais del usuario]], Entonces el podra darle clic al boton Complete SetUp]
[Test worker] WARN net.thucydides.core.steps.BaseStepListener - Final testOutcomes: [Creacion exitosa de cuenta:Dado que el usuario abrio la pagina de uTest [Lorena abrir [Lorena opens the Pagina u test]], Cuando ingrese los datos de regitro [Lorena seleccionar [Lorena clicks on boton para iniciar el registro], Lorena ingresar [Lorena enters 'Lorena' into input para ingresar el nombre del usuario, Lorena enters 'Galeano' into input para ingresar el apellido del usuario, Lorena enters 'lorenagaleanoprada@gmail.com' into input para ingresar el correo electronico del usuario, Lorena clicks on choice para elegir mes de nacimiento del usuario, Lorena enters ARROW_DOWN,ARROW_DOWN,ARROW_DOWN,ARROW_DOWN,ARROW_DOWN,ARROW_DOWN,ARROW_DOWN,ARROW_DOWN,ARROW_DOWN,ARROW_DOWN,ARROW_DOWN,ENTER into choice para elegir mes de nacimiento del usuario, Lorena clicks on choice para elegir dia de nacimiento del usuario, Lorena enters ARROW_DOWN,ARROW_DOWN,ARROW_DOWN,ENTER into choice para elegir dia de nacimiento del usuario, Lorena clicks on choice para elegir aÃ±o de nacimiento del usuario, Lorena enters ARROW_DOWN,ARROW_DOWN,ARROW_DOWN,ARROW_DOWN,ARROW_DOWN,ARROW_DOWN,ARROW_DOWN,ENTER into choice para elegir aÃ±o de nacimiento del usuario, Lorena clicks on boton para dirigirse al formulario de la localizacion], Lorena anadir [Lorena enters 'Bogot' into input para ingresar la cidad del usuario, Lorena enters ARROW_DOWN,ENTER into input para ingresar la cidad del usuario, Lorena enters '111931' into input para ingresar el codigo postal del usuario, Lorena enters 'Colombia' into input para ingresar el pais del usuario]], Entonces el podra darle clic al boton Complete SetUp]
[Test worker] ERROR net.thucydides.core.steps.ConsoleLoggingListener - 
           __  _____ _____ ____ _____   _____ _    ___ _     _____ ____  
  _       / / |_   _| ____/ ___|_   _| |  ___/ \  |_ _| |   | ____|  _ \ 
 (_)_____| |    | | |  _| \___ \ | |   | |_ / _ \  | || |   |  _| | | | |
  _|_____| |    | | | |___ ___) || |   |  _/ ___ \ | || |___| |___| |_| |
 (_)     | |    |_| |_____|____/ |_|   |_|/_/   \_\___|_____|_____|____/ 
          \_\                                                            

TEST FAILED WITH ERROR: Creacion exitosa de cuenta
---------------------------------------------------------------------
[Test worker] ERROR net.thucydides.core.steps.ConsoleLoggingListener - TEST FAILED AT STEP Lorena enters 'Colombia' into input para ingresar el pais del usuario
[Test worker] ERROR net.thucydides.core.steps.ConsoleLoggingListener - element not interactable
</pre>
</span>
</div>
</div>
<div id="footer">
<p>
<div>
<label class="hidden" id="label-for-line-wrapping-toggle" for="line-wrapping-toggle">Wrap lines
<input id="line-wrapping-toggle" type="checkbox" autocomplete="off"/>
</label>
</div>Generated by 
<a href="http://www.gradle.org">Gradle 5.2.1</a> at 18/09/2022 11:42:24 AM</p>
</div>
</div>
</body>
</html>
